{"E:\\tareas de jala\\semestre 4\\progra 4\\p4-projects\\Capstone\\src\\controllers\\cardsController.js": {"path":"E:\\tareas de jala\\semestre 4\\progra 4\\p4-projects\\Capstone\\src\\controllers\\cardsController.js","statementMap":{"0":{"start":{"line":1,"column":21},"end":{"line":1,"column":56}},"1":{"start":{"line":3,"column":0},"end":{"line":17,"column":2}},"2":{"start":{"line":4,"column":4},"end":{"line":16,"column":5}},"3":{"start":{"line":5,"column":41},"end":{"line":5,"column":49}},"4":{"start":{"line":6,"column":24},"end":{"line":6,"column":75}},"5":{"start":{"line":7,"column":8},"end":{"line":13,"column":11}},"6":{"start":{"line":15,"column":8},"end":{"line":15,"column":55}},"7":{"start":{"line":19,"column":0},"end":{"line":32,"column":2}},"8":{"start":{"line":20,"column":4},"end":{"line":31,"column":5}},"9":{"start":{"line":21,"column":21},"end":{"line":21,"column":62}},"10":{"start":{"line":22,"column":8},"end":{"line":28,"column":11}},"11":{"start":{"line":30,"column":8},"end":{"line":30,"column":55}},"12":{"start":{"line":34,"column":0},"end":{"line":48,"column":2}},"13":{"start":{"line":35,"column":4},"end":{"line":47,"column":5}},"14":{"start":{"line":36,"column":41},"end":{"line":36,"column":49}},"15":{"start":{"line":37,"column":28},"end":{"line":37,"column":94}},"16":{"start":{"line":38,"column":8},"end":{"line":44,"column":11}},"17":{"start":{"line":46,"column":8},"end":{"line":46,"column":55}},"18":{"start":{"line":50,"column":0},"end":{"line":57,"column":2}},"19":{"start":{"line":51,"column":4},"end":{"line":56,"column":5}},"20":{"start":{"line":52,"column":8},"end":{"line":52,"column":53}},"21":{"start":{"line":53,"column":8},"end":{"line":53,"column":31}},"22":{"start":{"line":55,"column":8},"end":{"line":55,"column":55}}},"fnMap":{"0":{"name":"(anonymous_0)","decl":{"start":{"line":3,"column":21},"end":{"line":3,"column":22}},"loc":{"start":{"line":3,"column":41},"end":{"line":17,"column":1}},"line":3},"1":{"name":"(anonymous_1)","decl":{"start":{"line":19,"column":18},"end":{"line":19,"column":19}},"loc":{"start":{"line":19,"column":38},"end":{"line":32,"column":1}},"line":19},"2":{"name":"(anonymous_2)","decl":{"start":{"line":34,"column":21},"end":{"line":34,"column":22}},"loc":{"start":{"line":34,"column":41},"end":{"line":48,"column":1}},"line":34},"3":{"name":"(anonymous_3)","decl":{"start":{"line":50,"column":21},"end":{"line":50,"column":22}},"loc":{"start":{"line":50,"column":41},"end":{"line":57,"column":1}},"line":50}},"branchMap":{},"s":{"0":1,"1":1,"2":2,"3":2,"4":2,"5":1,"6":1,"7":1,"8":2,"9":2,"10":1,"11":1,"12":1,"13":2,"14":2,"15":2,"16":1,"17":1,"18":1,"19":2,"20":2,"21":1,"22":1},"f":{"0":2,"1":2,"2":2,"3":2},"b":{},"_coverageSchema":"1a1c01bbd47fc00a2c39e90264f33305004495a9","hash":"5bcb48231619baab014798d7991f855fd3d57316"}
,"E:\\tareas de jala\\semestre 4\\progra 4\\p4-projects\\Capstone\\src\\controllers\\gameControllers.js": {"path":"E:\\tareas de jala\\semestre 4\\progra 4\\p4-projects\\Capstone\\src\\controllers\\gameControllers.js","statementMap":{"0":{"start":{"line":1,"column":21},"end":{"line":1,"column":56}},"1":{"start":{"line":3,"column":0},"end":{"line":15,"column":2}},"2":{"start":{"line":4,"column":4},"end":{"line":14,"column":5}},"3":{"start":{"line":5,"column":44},"end":{"line":5,"column":52}},"4":{"start":{"line":6,"column":26},"end":{"line":6,"column":36}},"5":{"start":{"line":7,"column":24},"end":{"line":7,"column":89}},"6":{"start":{"line":8,"column":8},"end":{"line":11,"column":11}},"7":{"start":{"line":13,"column":8},"end":{"line":13,"column":55}},"8":{"start":{"line":17,"column":0},"end":{"line":26,"column":2}},"9":{"start":{"line":18,"column":4},"end":{"line":25,"column":5}},"10":{"start":{"line":19,"column":28},"end":{"line":19,"column":36}},"11":{"start":{"line":20,"column":23},"end":{"line":20,"column":33}},"12":{"start":{"line":21,"column":8},"end":{"line":21,"column":53}},"13":{"start":{"line":22,"column":8},"end":{"line":22,"column":67}},"14":{"start":{"line":24,"column":8},"end":{"line":24,"column":55}},"15":{"start":{"line":28,"column":0},"end":{"line":37,"column":2}},"16":{"start":{"line":29,"column":4},"end":{"line":36,"column":5}},"17":{"start":{"line":30,"column":28},"end":{"line":30,"column":36}},"18":{"start":{"line":31,"column":23},"end":{"line":31,"column":33}},"19":{"start":{"line":32,"column":8},"end":{"line":32,"column":54}},"20":{"start":{"line":33,"column":8},"end":{"line":33,"column":59}},"21":{"start":{"line":35,"column":8},"end":{"line":35,"column":55}},"22":{"start":{"line":39,"column":0},"end":{"line":48,"column":2}},"23":{"start":{"line":40,"column":4},"end":{"line":47,"column":5}},"24":{"start":{"line":41,"column":28},"end":{"line":41,"column":36}},"25":{"start":{"line":42,"column":23},"end":{"line":42,"column":33}},"26":{"start":{"line":43,"column":8},"end":{"line":43,"column":54}},"27":{"start":{"line":44,"column":8},"end":{"line":44,"column":65}},"28":{"start":{"line":46,"column":8},"end":{"line":46,"column":55}},"29":{"start":{"line":50,"column":0},"end":{"line":58,"column":2}},"30":{"start":{"line":51,"column":4},"end":{"line":57,"column":5}},"31":{"start":{"line":52,"column":28},"end":{"line":52,"column":38}},"32":{"start":{"line":53,"column":24},"end":{"line":53,"column":62}},"33":{"start":{"line":54,"column":8},"end":{"line":54,"column":26}},"34":{"start":{"line":56,"column":8},"end":{"line":56,"column":55}},"35":{"start":{"line":60,"column":0},"end":{"line":68,"column":2}},"36":{"start":{"line":61,"column":4},"end":{"line":67,"column":5}},"37":{"start":{"line":62,"column":28},"end":{"line":62,"column":38}},"38":{"start":{"line":63,"column":30},"end":{"line":63,"column":74}},"39":{"start":{"line":64,"column":8},"end":{"line":64,"column":32}},"40":{"start":{"line":66,"column":8},"end":{"line":66,"column":55}},"41":{"start":{"line":70,"column":0},"end":{"line":78,"column":2}},"42":{"start":{"line":71,"column":4},"end":{"line":77,"column":5}},"43":{"start":{"line":72,"column":28},"end":{"line":72,"column":38}},"44":{"start":{"line":73,"column":24},"end":{"line":73,"column":62}},"45":{"start":{"line":74,"column":8},"end":{"line":74,"column":26}},"46":{"start":{"line":76,"column":8},"end":{"line":76,"column":55}},"47":{"start":{"line":80,"column":0},"end":{"line":88,"column":2}},"48":{"start":{"line":81,"column":4},"end":{"line":87,"column":5}},"49":{"start":{"line":82,"column":28},"end":{"line":82,"column":38}},"50":{"start":{"line":83,"column":23},"end":{"line":83,"column":60}},"51":{"start":{"line":84,"column":8},"end":{"line":84,"column":25}},"52":{"start":{"line":86,"column":8},"end":{"line":86,"column":55}}},"fnMap":{"0":{"name":"(anonymous_0)","decl":{"start":{"line":3,"column":21},"end":{"line":3,"column":22}},"loc":{"start":{"line":3,"column":41},"end":{"line":15,"column":1}},"line":3},"1":{"name":"(anonymous_1)","decl":{"start":{"line":17,"column":19},"end":{"line":17,"column":20}},"loc":{"start":{"line":17,"column":39},"end":{"line":26,"column":1}},"line":17},"2":{"name":"(anonymous_2)","decl":{"start":{"line":28,"column":20},"end":{"line":28,"column":21}},"loc":{"start":{"line":28,"column":40},"end":{"line":37,"column":1}},"line":28},"3":{"name":"(anonymous_3)","decl":{"start":{"line":39,"column":20},"end":{"line":39,"column":21}},"loc":{"start":{"line":39,"column":40},"end":{"line":48,"column":1}},"line":39},"4":{"name":"(anonymous_4)","decl":{"start":{"line":50,"column":21},"end":{"line":50,"column":22}},"loc":{"start":{"line":50,"column":41},"end":{"line":58,"column":1}},"line":50},"5":{"name":"(anonymous_5)","decl":{"start":{"line":60,"column":27},"end":{"line":60,"column":28}},"loc":{"start":{"line":60,"column":47},"end":{"line":68,"column":1}},"line":60},"6":{"name":"(anonymous_6)","decl":{"start":{"line":70,"column":21},"end":{"line":70,"column":22}},"loc":{"start":{"line":70,"column":41},"end":{"line":78,"column":1}},"line":70},"7":{"name":"(anonymous_7)","decl":{"start":{"line":80,"column":20},"end":{"line":80,"column":21}},"loc":{"start":{"line":80,"column":40},"end":{"line":88,"column":1}},"line":80}},"branchMap":{},"s":{"0":1,"1":1,"2":2,"3":2,"4":2,"5":2,"6":1,"7":1,"8":1,"9":2,"10":2,"11":2,"12":2,"13":1,"14":1,"15":1,"16":2,"17":2,"18":2,"19":2,"20":1,"21":1,"22":1,"23":2,"24":2,"25":2,"26":2,"27":1,"28":1,"29":1,"30":2,"31":2,"32":2,"33":1,"34":1,"35":1,"36":2,"37":2,"38":2,"39":1,"40":1,"41":1,"42":2,"43":2,"44":2,"45":1,"46":1,"47":1,"48":2,"49":2,"50":2,"51":1,"52":1},"f":{"0":2,"1":2,"2":2,"3":2,"4":2,"5":2,"6":2,"7":2},"b":{},"_coverageSchema":"1a1c01bbd47fc00a2c39e90264f33305004495a9","hash":"86760675c206768f3a40fb32e41d34777cb777e2"}
,"E:\\tareas de jala\\semestre 4\\progra 4\\p4-projects\\Capstone\\src\\controllers\\playersController.js": {"path":"E:\\tareas de jala\\semestre 4\\progra 4\\p4-projects\\Capstone\\src\\controllers\\playersController.js","statementMap":{"0":{"start":{"line":1,"column":23},"end":{"line":1,"column":60}},"1":{"start":{"line":3,"column":0},"end":{"line":17,"column":2}},"2":{"start":{"line":4,"column":4},"end":{"line":16,"column":5}},"3":{"start":{"line":5,"column":37},"end":{"line":5,"column":45}},"4":{"start":{"line":6,"column":26},"end":{"line":6,"column":77}},"5":{"start":{"line":7,"column":8},"end":{"line":13,"column":11}},"6":{"start":{"line":15,"column":8},"end":{"line":15,"column":55}},"7":{"start":{"line":19,"column":0},"end":{"line":32,"column":2}},"8":{"start":{"line":20,"column":4},"end":{"line":31,"column":5}},"9":{"start":{"line":21,"column":23},"end":{"line":21,"column":68}},"10":{"start":{"line":22,"column":8},"end":{"line":28,"column":11}},"11":{"start":{"line":30,"column":8},"end":{"line":30,"column":55}},"12":{"start":{"line":34,"column":0},"end":{"line":48,"column":2}},"13":{"start":{"line":35,"column":4},"end":{"line":47,"column":5}},"14":{"start":{"line":36,"column":37},"end":{"line":36,"column":45}},"15":{"start":{"line":37,"column":30},"end":{"line":37,"column":96}},"16":{"start":{"line":38,"column":8},"end":{"line":44,"column":11}},"17":{"start":{"line":46,"column":8},"end":{"line":46,"column":55}},"18":{"start":{"line":50,"column":0},"end":{"line":57,"column":2}},"19":{"start":{"line":51,"column":4},"end":{"line":56,"column":5}},"20":{"start":{"line":52,"column":8},"end":{"line":52,"column":57}},"21":{"start":{"line":53,"column":8},"end":{"line":53,"column":31}},"22":{"start":{"line":55,"column":8},"end":{"line":55,"column":55}}},"fnMap":{"0":{"name":"(anonymous_0)","decl":{"start":{"line":3,"column":23},"end":{"line":3,"column":24}},"loc":{"start":{"line":3,"column":43},"end":{"line":17,"column":1}},"line":3},"1":{"name":"(anonymous_1)","decl":{"start":{"line":19,"column":20},"end":{"line":19,"column":21}},"loc":{"start":{"line":19,"column":40},"end":{"line":32,"column":1}},"line":19},"2":{"name":"(anonymous_2)","decl":{"start":{"line":34,"column":23},"end":{"line":34,"column":24}},"loc":{"start":{"line":34,"column":43},"end":{"line":48,"column":1}},"line":34},"3":{"name":"(anonymous_3)","decl":{"start":{"line":50,"column":23},"end":{"line":50,"column":24}},"loc":{"start":{"line":50,"column":43},"end":{"line":57,"column":1}},"line":50}},"branchMap":{},"s":{"0":1,"1":1,"2":4,"3":4,"4":4,"5":2,"6":2,"7":1,"8":4,"9":4,"10":2,"11":2,"12":1,"13":2,"14":2,"15":2,"16":1,"17":1,"18":1,"19":2,"20":2,"21":1,"22":1},"f":{"0":4,"1":4,"2":2,"3":2},"b":{},"_coverageSchema":"1a1c01bbd47fc00a2c39e90264f33305004495a9","hash":"3e4a7be17b5434abde3eb46c042d46a13163bea9"}
,"E:\\tareas de jala\\semestre 4\\progra 4\\p4-projects\\Capstone\\src\\controllers\\userControllers.js": {"path":"E:\\tareas de jala\\semestre 4\\progra 4\\p4-projects\\Capstone\\src\\controllers\\userControllers.js","statementMap":{"0":{"start":{"line":1,"column":21},"end":{"line":1,"column":56}},"1":{"start":{"line":3,"column":0},"end":{"line":11,"column":2}},"2":{"start":{"line":4,"column":4},"end":{"line":10,"column":5}},"3":{"start":{"line":5,"column":39},"end":{"line":5,"column":47}},"4":{"start":{"line":6,"column":22},"end":{"line":6,"column":66}},"5":{"start":{"line":7,"column":8},"end":{"line":7,"column":28}},"6":{"start":{"line":9,"column":8},"end":{"line":9,"column":55}},"7":{"start":{"line":13,"column":0},"end":{"line":21,"column":2}},"8":{"start":{"line":14,"column":4},"end":{"line":20,"column":5}},"9":{"start":{"line":15,"column":46},"end":{"line":15,"column":54}},"10":{"start":{"line":16,"column":8},"end":{"line":16,"column":65}},"11":{"start":{"line":17,"column":8},"end":{"line":17,"column":74}},"12":{"start":{"line":19,"column":8},"end":{"line":19,"column":55}},"13":{"start":{"line":23,"column":0},"end":{"line":31,"column":2}},"14":{"start":{"line":24,"column":4},"end":{"line":30,"column":5}},"15":{"start":{"line":25,"column":26},"end":{"line":25,"column":34}},"16":{"start":{"line":26,"column":8},"end":{"line":26,"column":41}},"17":{"start":{"line":27,"column":8},"end":{"line":27,"column":62}},"18":{"start":{"line":29,"column":8},"end":{"line":29,"column":55}},"19":{"start":{"line":33,"column":0},"end":{"line":40,"column":2}},"20":{"start":{"line":34,"column":4},"end":{"line":39,"column":5}},"21":{"start":{"line":35,"column":28},"end":{"line":35,"column":73}},"22":{"start":{"line":36,"column":8},"end":{"line":36,"column":30}},"23":{"start":{"line":38,"column":8},"end":{"line":38,"column":55}},"24":{"start":{"line":42,"column":0},"end":{"line":50,"column":2}},"25":{"start":{"line":43,"column":4},"end":{"line":49,"column":5}},"26":{"start":{"line":44,"column":46},"end":{"line":44,"column":54}},"27":{"start":{"line":45,"column":28},"end":{"line":45,"column":99}},"28":{"start":{"line":46,"column":8},"end":{"line":46,"column":30}},"29":{"start":{"line":48,"column":8},"end":{"line":48,"column":55}}},"fnMap":{"0":{"name":"(anonymous_0)","decl":{"start":{"line":3,"column":16},"end":{"line":3,"column":17}},"loc":{"start":{"line":3,"column":36},"end":{"line":11,"column":1}},"line":3},"1":{"name":"(anonymous_1)","decl":{"start":{"line":13,"column":21},"end":{"line":13,"column":22}},"loc":{"start":{"line":13,"column":41},"end":{"line":21,"column":1}},"line":13},"2":{"name":"(anonymous_2)","decl":{"start":{"line":23,"column":17},"end":{"line":23,"column":18}},"loc":{"start":{"line":23,"column":37},"end":{"line":31,"column":1}},"line":23},"3":{"name":"(anonymous_3)","decl":{"start":{"line":33,"column":25},"end":{"line":33,"column":26}},"loc":{"start":{"line":33,"column":45},"end":{"line":40,"column":1}},"line":33},"4":{"name":"(anonymous_4)","decl":{"start":{"line":42,"column":21},"end":{"line":42,"column":22}},"loc":{"start":{"line":42,"column":41},"end":{"line":50,"column":1}},"line":42}},"branchMap":{},"s":{"0":1,"1":1,"2":2,"3":2,"4":2,"5":1,"6":1,"7":1,"8":2,"9":2,"10":2,"11":1,"12":1,"13":1,"14":2,"15":2,"16":2,"17":1,"18":1,"19":1,"20":2,"21":2,"22":1,"23":1,"24":1,"25":2,"26":2,"27":2,"28":1,"29":1},"f":{"0":2,"1":2,"2":2,"3":2,"4":2},"b":{},"_coverageSchema":"1a1c01bbd47fc00a2c39e90264f33305004495a9","hash":"aa4a8608ba71a081792e53b6df6fa03ee300a5d4"}
,"E:\\tareas de jala\\semestre 4\\progra 4\\p4-projects\\Capstone\\src\\middlewares\\middleware.js": {"path":"E:\\tareas de jala\\semestre 4\\progra 4\\p4-projects\\Capstone\\src\\middlewares\\middleware.js","statementMap":{"0":{"start":{"line":1,"column":33},"end":{"line":1,"column":53}},"1":{"start":{"line":3,"column":18},"end":{"line":3,"column":88}},"2":{"start":{"line":5,"column":0},"end":{"line":8,"column":2}}},"fnMap":{},"branchMap":{},"s":{"0":8,"1":8,"2":8},"f":{},"b":{},"_coverageSchema":"1a1c01bbd47fc00a2c39e90264f33305004495a9","hash":"e7324b33619d9bcabb3c81ebec19e2c57d31e64f"}
,"E:\\tareas de jala\\semestre 4\\progra 4\\p4-projects\\Capstone\\src\\models\\blacklistModel.js": {"path":"E:\\tareas de jala\\semestre 4\\progra 4\\p4-projects\\Capstone\\src\\models\\blacklistModel.js","statementMap":{"0":{"start":{"line":1,"column":33},"end":{"line":1,"column":69}},"1":{"start":{"line":3,"column":25},"end":{"line":13,"column":2}},"2":{"start":{"line":15,"column":0},"end":{"line":15,"column":34}}},"fnMap":{},"branchMap":{},"s":{"0":2,"1":2,"2":2},"f":{},"b":{},"_coverageSchema":"1a1c01bbd47fc00a2c39e90264f33305004495a9","hash":"8ad2c3c73e04329f632235bd1de10900a68b1159"}
,"E:\\tareas de jala\\semestre 4\\progra 4\\p4-projects\\Capstone\\src\\models\\cardModel.js": {"path":"E:\\tareas de jala\\semestre 4\\progra 4\\p4-projects\\Capstone\\src\\models\\cardModel.js","statementMap":{"0":{"start":{"line":1,"column":33},"end":{"line":1,"column":69}},"1":{"start":{"line":3,"column":13},"end":{"line":21,"column":2}},"2":{"start":{"line":23,"column":0},"end":{"line":23,"column":22}}},"fnMap":{},"branchMap":{},"s":{"0":2,"1":2,"2":2},"f":{},"b":{},"_coverageSchema":"1a1c01bbd47fc00a2c39e90264f33305004495a9","hash":"822f3698abc47b95e6c36cd7da31754c1c15a451"}
,"E:\\tareas de jala\\semestre 4\\progra 4\\p4-projects\\Capstone\\src\\models\\gameModel.js": {"path":"E:\\tareas de jala\\semestre 4\\progra 4\\p4-projects\\Capstone\\src\\models\\gameModel.js","statementMap":{"0":{"start":{"line":1,"column":33},"end":{"line":1,"column":69}},"1":{"start":{"line":2,"column":13},"end":{"line":2,"column":35}},"2":{"start":{"line":4,"column":13},"end":{"line":42,"column":2}},"3":{"start":{"line":44,"column":20},"end":{"line":49,"column":2}},"4":{"start":{"line":51,"column":0},"end":{"line":51,"column":51}},"5":{"start":{"line":52,"column":0},"end":{"line":52,"column":51}},"6":{"start":{"line":53,"column":0},"end":{"line":53,"column":65}},"7":{"start":{"line":55,"column":0},"end":{"line":55,"column":22}}},"fnMap":{},"branchMap":{},"s":{"0":1,"1":1,"2":1,"3":1,"4":1,"5":1,"6":1,"7":1},"f":{},"b":{},"_coverageSchema":"1a1c01bbd47fc00a2c39e90264f33305004495a9","hash":"cff45989a3bd0c9f0387a6e767827de6e4679cbe"}
,"E:\\tareas de jala\\semestre 4\\progra 4\\p4-projects\\Capstone\\src\\models\\playerModel.js": {"path":"E:\\tareas de jala\\semestre 4\\progra 4\\p4-projects\\Capstone\\src\\models\\playerModel.js","statementMap":{"0":{"start":{"line":1,"column":33},"end":{"line":1,"column":69}},"1":{"start":{"line":3,"column":15},"end":{"line":21,"column":2}},"2":{"start":{"line":23,"column":0},"end":{"line":23,"column":24}}},"fnMap":{},"branchMap":{},"s":{"0":2,"1":2,"2":2},"f":{},"b":{},"_coverageSchema":"1a1c01bbd47fc00a2c39e90264f33305004495a9","hash":"1a8e59d75165ad0d006ae4c13bcb115826fefdf8"}
,"E:\\tareas de jala\\semestre 4\\progra 4\\p4-projects\\Capstone\\src\\models\\userModel.js": {"path":"E:\\tareas de jala\\semestre 4\\progra 4\\p4-projects\\Capstone\\src\\models\\userModel.js","statementMap":{"0":{"start":{"line":1,"column":33},"end":{"line":1,"column":69}},"1":{"start":{"line":2,"column":15},"end":{"line":2,"column":32}},"2":{"start":{"line":4,"column":13},"end":{"line":26,"column":2}},"3":{"start":{"line":23,"column":12},"end":{"line":23,"column":70}},"4":{"start":{"line":28,"column":0},"end":{"line":28,"column":22}}},"fnMap":{"0":{"name":"(anonymous_0)","decl":{"start":{"line":22,"column":8},"end":{"line":22,"column":9}},"loc":{"start":{"line":22,"column":19},"end":{"line":24,"column":9}},"line":22}},"branchMap":{},"s":{"0":3,"1":3,"2":3,"3":0,"4":3},"f":{"0":0},"b":{},"_coverageSchema":"1a1c01bbd47fc00a2c39e90264f33305004495a9","hash":"9c538ed37fe10b5daea29b310caf67fb1c4719cc"}
,"E:\\tareas de jala\\semestre 4\\progra 4\\p4-projects\\Capstone\\src\\services\\cardServices.js": {"path":"E:\\tareas de jala\\semestre 4\\progra 4\\p4-projects\\Capstone\\src\\services\\cardServices.js","statementMap":{"0":{"start":{"line":1,"column":13},"end":{"line":1,"column":43}},"1":{"start":{"line":3,"column":0},"end":{"line":5,"column":2}},"2":{"start":{"line":4,"column":4},"end":{"line":4,"column":55}},"3":{"start":{"line":7,"column":0},"end":{"line":11,"column":2}},"4":{"start":{"line":8,"column":17},"end":{"line":8,"column":40}},"5":{"start":{"line":9,"column":4},"end":{"line":9,"column":49}},"6":{"start":{"line":9,"column":15},"end":{"line":9,"column":49}},"7":{"start":{"line":10,"column":4},"end":{"line":10,"column":16}},"8":{"start":{"line":13,"column":0},"end":{"line":20,"column":2}},"9":{"start":{"line":14,"column":17},"end":{"line":14,"column":40}},"10":{"start":{"line":15,"column":4},"end":{"line":15,"column":49}},"11":{"start":{"line":15,"column":15},"end":{"line":15,"column":49}},"12":{"start":{"line":17,"column":4},"end":{"line":17,"column":48}},"13":{"start":{"line":18,"column":24},"end":{"line":18,"column":47}},"14":{"start":{"line":19,"column":4},"end":{"line":19,"column":23}},"15":{"start":{"line":22,"column":0},"end":{"line":27,"column":2}},"16":{"start":{"line":23,"column":17},"end":{"line":23,"column":40}},"17":{"start":{"line":24,"column":4},"end":{"line":24,"column":49}},"18":{"start":{"line":24,"column":15},"end":{"line":24,"column":49}},"19":{"start":{"line":26,"column":4},"end":{"line":26,"column":25}}},"fnMap":{"0":{"name":"(anonymous_0)","decl":{"start":{"line":3,"column":21},"end":{"line":3,"column":22}},"loc":{"start":{"line":3,"column":53},"end":{"line":5,"column":1}},"line":3},"1":{"name":"(anonymous_1)","decl":{"start":{"line":7,"column":18},"end":{"line":7,"column":19}},"loc":{"start":{"line":7,"column":32},"end":{"line":11,"column":1}},"line":7},"2":{"name":"(anonymous_2)","decl":{"start":{"line":13,"column":21},"end":{"line":13,"column":22}},"loc":{"start":{"line":13,"column":57},"end":{"line":20,"column":1}},"line":13},"3":{"name":"(anonymous_3)","decl":{"start":{"line":22,"column":21},"end":{"line":22,"column":22}},"loc":{"start":{"line":22,"column":35},"end":{"line":27,"column":1}},"line":22}},"branchMap":{"0":{"loc":{"start":{"line":9,"column":4},"end":{"line":9,"column":49}},"type":"if","locations":[{"start":{"line":9,"column":4},"end":{"line":9,"column":49}},{"start":{},"end":{}}],"line":9},"1":{"loc":{"start":{"line":15,"column":4},"end":{"line":15,"column":49}},"type":"if","locations":[{"start":{"line":15,"column":4},"end":{"line":15,"column":49}},{"start":{},"end":{}}],"line":15},"2":{"loc":{"start":{"line":24,"column":4},"end":{"line":24,"column":49}},"type":"if","locations":[{"start":{"line":24,"column":4},"end":{"line":24,"column":49}},{"start":{},"end":{}}],"line":24}},"s":{"0":2,"1":2,"2":1,"3":2,"4":2,"5":2,"6":1,"7":1,"8":2,"9":1,"10":1,"11":0,"12":1,"13":1,"14":1,"15":2,"16":2,"17":2,"18":1,"19":1},"f":{"0":1,"1":2,"2":1,"3":2},"b":{"0":[1,1],"1":[0,1],"2":[1,1]},"_coverageSchema":"1a1c01bbd47fc00a2c39e90264f33305004495a9","hash":"f9dfe716039d34f0705a194cdf0e61c683185623"}
,"E:\\tareas de jala\\semestre 4\\progra 4\\p4-projects\\Capstone\\src\\services\\gameServices.js": {"path":"E:\\tareas de jala\\semestre 4\\progra 4\\p4-projects\\Capstone\\src\\services\\gameServices.js","statementMap":{"0":{"start":{"line":1,"column":13},"end":{"line":1,"column":43}},"1":{"start":{"line":2,"column":13},"end":{"line":2,"column":43}},"2":{"start":{"line":4,"column":0},"end":{"line":6,"column":2}},"3":{"start":{"line":5,"column":4},"end":{"line":5,"column":69}},"4":{"start":{"line":8,"column":0},"end":{"line":20,"column":2}},"5":{"start":{"line":9,"column":17},"end":{"line":11,"column":6}},"6":{"start":{"line":12,"column":4},"end":{"line":14,"column":5}},"7":{"start":{"line":13,"column":8},"end":{"line":13,"column":42}},"8":{"start":{"line":15,"column":4},"end":{"line":17,"column":5}},"9":{"start":{"line":16,"column":8},"end":{"line":16,"column":40}},"10":{"start":{"line":18,"column":17},"end":{"line":18,"column":44}},"11":{"start":{"line":19,"column":4},"end":{"line":19,"column":29}},"12":{"start":{"line":22,"column":0},"end":{"line":35,"column":2}},"13":{"start":{"line":23,"column":17},"end":{"line":23,"column":63}},"14":{"start":{"line":24,"column":4},"end":{"line":26,"column":5}},"15":{"start":{"line":25,"column":8},"end":{"line":25,"column":42}},"16":{"start":{"line":27,"column":4},"end":{"line":29,"column":5}},"17":{"start":{"line":28,"column":8},"end":{"line":28,"column":68}},"18":{"start":{"line":30,"column":4},"end":{"line":32,"column":5}},"19":{"start":{"line":31,"column":8},"end":{"line":31,"column":56}},"20":{"start":{"line":33,"column":4},"end":{"line":33,"column":31}},"21":{"start":{"line":34,"column":4},"end":{"line":34,"column":22}},"22":{"start":{"line":37,"column":0},"end":{"line":44,"column":2}},"23":{"start":{"line":38,"column":17},"end":{"line":38,"column":63}},"24":{"start":{"line":39,"column":4},"end":{"line":41,"column":5}},"25":{"start":{"line":40,"column":8},"end":{"line":40,"column":42}},"26":{"start":{"line":42,"column":17},"end":{"line":42,"column":44}},"27":{"start":{"line":43,"column":4},"end":{"line":43,"column":32}},"28":{"start":{"line":46,"column":0},"end":{"line":55,"column":2}},"29":{"start":{"line":47,"column":17},"end":{"line":47,"column":63}},"30":{"start":{"line":48,"column":4},"end":{"line":50,"column":5}},"31":{"start":{"line":49,"column":8},"end":{"line":49,"column":42}},"32":{"start":{"line":51,"column":4},"end":{"line":54,"column":6}},"33":{"start":{"line":53,"column":40},"end":{"line":53,"column":53}},"34":{"start":{"line":57,"column":0},"end":{"line":67,"column":2}},"35":{"start":{"line":58,"column":17},"end":{"line":58,"column":63}},"36":{"start":{"line":59,"column":4},"end":{"line":61,"column":5}},"37":{"start":{"line":60,"column":8},"end":{"line":60,"column":42}},"38":{"start":{"line":62,"column":26},"end":{"line":62,"column":83}},"39":{"start":{"line":62,"column":50},"end":{"line":62,"column":82}},"40":{"start":{"line":63,"column":4},"end":{"line":66,"column":6}},"41":{"start":{"line":69,"column":0},"end":{"line":78,"column":2}},"42":{"start":{"line":70,"column":17},"end":{"line":70,"column":44}},"43":{"start":{"line":71,"column":4},"end":{"line":73,"column":5}},"44":{"start":{"line":72,"column":8},"end":{"line":72,"column":42}},"45":{"start":{"line":74,"column":4},"end":{"line":77,"column":6}},"46":{"start":{"line":80,"column":0},"end":{"line":99,"column":2}},"47":{"start":{"line":81,"column":17},"end":{"line":87,"column":6}},"48":{"start":{"line":88,"column":4},"end":{"line":90,"column":5}},"49":{"start":{"line":89,"column":8},"end":{"line":89,"column":42}},"50":{"start":{"line":91,"column":19},"end":{"line":91,"column":21}},"51":{"start":{"line":92,"column":4},"end":{"line":94,"column":7}},"52":{"start":{"line":93,"column":8},"end":{"line":93,"column":55}},"53":{"start":{"line":95,"column":4},"end":{"line":98,"column":6}}},"fnMap":{"0":{"name":"(anonymous_0)","decl":{"start":{"line":4,"column":21},"end":{"line":4,"column":22}},"loc":{"start":{"line":4,"column":67},"end":{"line":6,"column":1}},"line":4},"1":{"name":"(anonymous_1)","decl":{"start":{"line":8,"column":19},"end":{"line":8,"column":20}},"loc":{"start":{"line":8,"column":45},"end":{"line":20,"column":1}},"line":8},"2":{"name":"(anonymous_2)","decl":{"start":{"line":22,"column":20},"end":{"line":22,"column":21}},"loc":{"start":{"line":22,"column":46},"end":{"line":35,"column":1}},"line":22},"3":{"name":"(anonymous_3)","decl":{"start":{"line":37,"column":20},"end":{"line":37,"column":21}},"loc":{"start":{"line":37,"column":46},"end":{"line":44,"column":1}},"line":37},"4":{"name":"(anonymous_4)","decl":{"start":{"line":46,"column":21},"end":{"line":46,"column":22}},"loc":{"start":{"line":46,"column":39},"end":{"line":55,"column":1}},"line":46},"5":{"name":"(anonymous_5)","decl":{"start":{"line":53,"column":32},"end":{"line":53,"column":33}},"loc":{"start":{"line":53,"column":40},"end":{"line":53,"column":53}},"line":53},"6":{"name":"(anonymous_6)","decl":{"start":{"line":57,"column":27},"end":{"line":57,"column":28}},"loc":{"start":{"line":57,"column":45},"end":{"line":67,"column":1}},"line":57},"7":{"name":"(anonymous_7)","decl":{"start":{"line":62,"column":42},"end":{"line":62,"column":43}},"loc":{"start":{"line":62,"column":50},"end":{"line":62,"column":82}},"line":62},"8":{"name":"(anonymous_8)","decl":{"start":{"line":69,"column":21},"end":{"line":69,"column":22}},"loc":{"start":{"line":69,"column":39},"end":{"line":78,"column":1}},"line":69},"9":{"name":"(anonymous_9)","decl":{"start":{"line":80,"column":20},"end":{"line":80,"column":21}},"loc":{"start":{"line":80,"column":38},"end":{"line":99,"column":1}},"line":80},"10":{"name":"(anonymous_10)","decl":{"start":{"line":92,"column":23},"end":{"line":92,"column":24}},"loc":{"start":{"line":92,"column":31},"end":{"line":94,"column":5}},"line":92}},"branchMap":{"0":{"loc":{"start":{"line":12,"column":4},"end":{"line":14,"column":5}},"type":"if","locations":[{"start":{"line":12,"column":4},"end":{"line":14,"column":5}},{"start":{},"end":{}}],"line":12},"1":{"loc":{"start":{"line":15,"column":4},"end":{"line":17,"column":5}},"type":"if","locations":[{"start":{"line":15,"column":4},"end":{"line":17,"column":5}},{"start":{},"end":{}}],"line":15},"2":{"loc":{"start":{"line":15,"column":8},"end":{"line":15,"column":77}},"type":"binary-expr","locations":[{"start":{"line":15,"column":8},"end":{"line":15,"column":23}},{"start":{"line":15,"column":27},"end":{"line":15,"column":37}},{"start":{"line":15,"column":41},"end":{"line":15,"column":77}}],"line":15},"3":{"loc":{"start":{"line":24,"column":4},"end":{"line":26,"column":5}},"type":"if","locations":[{"start":{"line":24,"column":4},"end":{"line":26,"column":5}},{"start":{},"end":{}}],"line":24},"4":{"loc":{"start":{"line":27,"column":4},"end":{"line":29,"column":5}},"type":"if","locations":[{"start":{"line":27,"column":4},"end":{"line":29,"column":5}},{"start":{},"end":{}}],"line":27},"5":{"loc":{"start":{"line":30,"column":4},"end":{"line":32,"column":5}},"type":"if","locations":[{"start":{"line":30,"column":4},"end":{"line":32,"column":5}},{"start":{},"end":{}}],"line":30},"6":{"loc":{"start":{"line":39,"column":4},"end":{"line":41,"column":5}},"type":"if","locations":[{"start":{"line":39,"column":4},"end":{"line":41,"column":5}},{"start":{},"end":{}}],"line":39},"7":{"loc":{"start":{"line":48,"column":4},"end":{"line":50,"column":5}},"type":"if","locations":[{"start":{"line":48,"column":4},"end":{"line":50,"column":5}},{"start":{},"end":{}}],"line":48},"8":{"loc":{"start":{"line":59,"column":4},"end":{"line":61,"column":5}},"type":"if","locations":[{"start":{"line":59,"column":4},"end":{"line":61,"column":5}},{"start":{},"end":{}}],"line":59},"9":{"loc":{"start":{"line":65,"column":24},"end":{"line":65,"column":69}},"type":"cond-expr","locations":[{"start":{"line":65,"column":40},"end":{"line":65,"column":62}},{"start":{"line":65,"column":65},"end":{"line":65,"column":69}}],"line":65},"10":{"loc":{"start":{"line":71,"column":4},"end":{"line":73,"column":5}},"type":"if","locations":[{"start":{"line":71,"column":4},"end":{"line":73,"column":5}},{"start":{},"end":{}}],"line":71},"11":{"loc":{"start":{"line":88,"column":4},"end":{"line":90,"column":5}},"type":"if","locations":[{"start":{"line":88,"column":4},"end":{"line":90,"column":5}},{"start":{},"end":{}}],"line":88}},"s":{"0":2,"1":2,"2":2,"3":1,"4":2,"5":2,"6":2,"7":1,"8":1,"9":0,"10":1,"11":1,"12":2,"13":4,"14":4,"15":1,"16":3,"17":1,"18":2,"19":1,"20":1,"21":1,"22":2,"23":2,"24":2,"25":1,"26":1,"27":1,"28":2,"29":2,"30":2,"31":1,"32":1,"33":2,"34":2,"35":3,"36":3,"37":1,"38":2,"39":4,"40":2,"41":2,"42":2,"43":2,"44":1,"45":1,"46":2,"47":2,"48":2,"49":1,"50":1,"51":1,"52":2,"53":1},"f":{"0":1,"1":2,"2":4,"3":2,"4":2,"5":2,"6":3,"7":4,"8":2,"9":2,"10":2},"b":{"0":[1,1],"1":[0,1],"2":[1,0,0],"3":[1,3],"4":[1,2],"5":[1,1],"6":[1,1],"7":[1,1],"8":[1,2],"9":[1,1],"10":[1,1],"11":[1,1]},"_coverageSchema":"1a1c01bbd47fc00a2c39e90264f33305004495a9","hash":"ed00707cd7f97b2c9cfbfba4b198615076f48518"}
,"E:\\tareas de jala\\semestre 4\\progra 4\\p4-projects\\Capstone\\src\\services\\playerServices.js": {"path":"E:\\tareas de jala\\semestre 4\\progra 4\\p4-projects\\Capstone\\src\\services\\playerServices.js","statementMap":{"0":{"start":{"line":1,"column":15},"end":{"line":1,"column":47}},"1":{"start":{"line":3,"column":0},"end":{"line":5,"column":2}},"2":{"start":{"line":4,"column":4},"end":{"line":4,"column":53}},"3":{"start":{"line":7,"column":0},"end":{"line":11,"column":2}},"4":{"start":{"line":8,"column":19},"end":{"line":8,"column":44}},"5":{"start":{"line":9,"column":4},"end":{"line":9,"column":53}},"6":{"start":{"line":9,"column":17},"end":{"line":9,"column":53}},"7":{"start":{"line":10,"column":4},"end":{"line":10,"column":18}},"8":{"start":{"line":13,"column":0},"end":{"line":20,"column":2}},"9":{"start":{"line":14,"column":19},"end":{"line":14,"column":44}},"10":{"start":{"line":15,"column":4},"end":{"line":15,"column":53}},"11":{"start":{"line":15,"column":17},"end":{"line":15,"column":53}},"12":{"start":{"line":17,"column":4},"end":{"line":17,"column":46}},"13":{"start":{"line":18,"column":26},"end":{"line":18,"column":51}},"14":{"start":{"line":19,"column":4},"end":{"line":19,"column":25}},"15":{"start":{"line":23,"column":0},"end":{"line":28,"column":2}},"16":{"start":{"line":24,"column":19},"end":{"line":24,"column":44}},"17":{"start":{"line":25,"column":4},"end":{"line":25,"column":53}},"18":{"start":{"line":25,"column":17},"end":{"line":25,"column":53}},"19":{"start":{"line":27,"column":4},"end":{"line":27,"column":27}}},"fnMap":{"0":{"name":"(anonymous_0)","decl":{"start":{"line":3,"column":23},"end":{"line":3,"column":24}},"loc":{"start":{"line":3,"column":51},"end":{"line":5,"column":1}},"line":3},"1":{"name":"(anonymous_1)","decl":{"start":{"line":7,"column":20},"end":{"line":7,"column":21}},"loc":{"start":{"line":7,"column":34},"end":{"line":11,"column":1}},"line":7},"2":{"name":"(anonymous_2)","decl":{"start":{"line":13,"column":23},"end":{"line":13,"column":24}},"loc":{"start":{"line":13,"column":55},"end":{"line":20,"column":1}},"line":13},"3":{"name":"(anonymous_3)","decl":{"start":{"line":23,"column":23},"end":{"line":23,"column":24}},"loc":{"start":{"line":23,"column":37},"end":{"line":28,"column":1}},"line":23}},"branchMap":{"0":{"loc":{"start":{"line":9,"column":4},"end":{"line":9,"column":53}},"type":"if","locations":[{"start":{"line":9,"column":4},"end":{"line":9,"column":53}},{"start":{},"end":{}}],"line":9},"1":{"loc":{"start":{"line":15,"column":4},"end":{"line":15,"column":53}},"type":"if","locations":[{"start":{"line":15,"column":4},"end":{"line":15,"column":53}},{"start":{},"end":{}}],"line":15},"2":{"loc":{"start":{"line":25,"column":4},"end":{"line":25,"column":53}},"type":"if","locations":[{"start":{"line":25,"column":4},"end":{"line":25,"column":53}},{"start":{},"end":{}}],"line":25}},"s":{"0":2,"1":2,"2":1,"3":2,"4":2,"5":2,"6":1,"7":1,"8":2,"9":2,"10":2,"11":1,"12":1,"13":1,"14":1,"15":2,"16":2,"17":2,"18":1,"19":1},"f":{"0":1,"1":2,"2":2,"3":2},"b":{"0":[1,1],"1":[1,1],"2":[1,1]},"_coverageSchema":"1a1c01bbd47fc00a2c39e90264f33305004495a9","hash":"ad2f3b683eb5f118de0bc3fbb077f8f7ecc18675"}
,"E:\\tareas de jala\\semestre 4\\progra 4\\p4-projects\\Capstone\\src\\services\\userServices.js": {"path":"E:\\tareas de jala\\semestre 4\\progra 4\\p4-projects\\Capstone\\src\\services\\userServices.js","statementMap":{"0":{"start":{"line":1,"column":15},"end":{"line":1,"column":32}},"1":{"start":{"line":2,"column":12},"end":{"line":2,"column":35}},"2":{"start":{"line":3,"column":13},"end":{"line":3,"column":43}},"3":{"start":{"line":4,"column":25},"end":{"line":4,"column":60}},"4":{"start":{"line":6,"column":22},"end":{"line":8,"column":1}},"5":{"start":{"line":7,"column":4},"end":{"line":7,"column":102}},"6":{"start":{"line":10,"column":0},"end":{"line":18,"column":2}},"7":{"start":{"line":11,"column":17},"end":{"line":11,"column":60}},"8":{"start":{"line":13,"column":4},"end":{"line":15,"column":5}},"9":{"start":{"line":14,"column":8},"end":{"line":14,"column":47}},"10":{"start":{"line":17,"column":4},"end":{"line":17,"column":31}},"11":{"start":{"line":20,"column":0},"end":{"line":27,"column":2}},"12":{"start":{"line":21,"column":25},"end":{"line":21,"column":65}},"13":{"start":{"line":22,"column":4},"end":{"line":24,"column":5}},"14":{"start":{"line":23,"column":8},"end":{"line":23,"column":47}},"15":{"start":{"line":26,"column":4},"end":{"line":26,"column":60}},"16":{"start":{"line":29,"column":0},"end":{"line":34,"column":2}},"17":{"start":{"line":30,"column":25},"end":{"line":30,"column":42}},"18":{"start":{"line":31,"column":22},"end":{"line":31,"column":55}},"19":{"start":{"line":33,"column":4},"end":{"line":33,"column":63}},"20":{"start":{"line":36,"column":0},"end":{"line":41,"column":2}},"21":{"start":{"line":37,"column":17},"end":{"line":37,"column":44}},"22":{"start":{"line":38,"column":4},"end":{"line":38,"column":49}},"23":{"start":{"line":38,"column":15},"end":{"line":38,"column":49}},"24":{"start":{"line":40,"column":4},"end":{"line":40,"column":58}},"25":{"start":{"line":43,"column":0},"end":{"line":55,"column":2}},"26":{"start":{"line":44,"column":17},"end":{"line":44,"column":40}},"27":{"start":{"line":45,"column":4},"end":{"line":45,"column":49}},"28":{"start":{"line":45,"column":15},"end":{"line":45,"column":49}},"29":{"start":{"line":47,"column":4},"end":{"line":47,"column":53}},"30":{"start":{"line":48,"column":24},"end":{"line":48,"column":47}},"31":{"start":{"line":49,"column":4},"end":{"line":54,"column":6}}},"fnMap":{"0":{"name":"(anonymous_0)","decl":{"start":{"line":6,"column":22},"end":{"line":6,"column":23}},"loc":{"start":{"line":6,"column":32},"end":{"line":8,"column":1}},"line":6},"1":{"name":"(anonymous_1)","decl":{"start":{"line":10,"column":16},"end":{"line":10,"column":17}},"loc":{"start":{"line":10,"column":46},"end":{"line":18,"column":1}},"line":10},"2":{"name":"(anonymous_2)","decl":{"start":{"line":20,"column":21},"end":{"line":20,"column":22}},"loc":{"start":{"line":20,"column":58},"end":{"line":27,"column":1}},"line":20},"3":{"name":"(anonymous_3)","decl":{"start":{"line":29,"column":17},"end":{"line":29,"column":18}},"loc":{"start":{"line":29,"column":34},"end":{"line":34,"column":1}},"line":29},"4":{"name":"(anonymous_4)","decl":{"start":{"line":36,"column":25},"end":{"line":36,"column":26}},"loc":{"start":{"line":36,"column":43},"end":{"line":41,"column":1}},"line":36},"5":{"name":"(anonymous_5)","decl":{"start":{"line":43,"column":21},"end":{"line":43,"column":22}},"loc":{"start":{"line":43,"column":62},"end":{"line":55,"column":1}},"line":43}},"branchMap":{"0":{"loc":{"start":{"line":13,"column":4},"end":{"line":15,"column":5}},"type":"if","locations":[{"start":{"line":13,"column":4},"end":{"line":15,"column":5}},{"start":{},"end":{}}],"line":13},"1":{"loc":{"start":{"line":13,"column":8},"end":{"line":13,"column":61}},"type":"binary-expr","locations":[{"start":{"line":13,"column":8},"end":{"line":13,"column":13}},{"start":{"line":13,"column":17},"end":{"line":13,"column":61}}],"line":13},"2":{"loc":{"start":{"line":22,"column":4},"end":{"line":24,"column":5}},"type":"if","locations":[{"start":{"line":22,"column":4},"end":{"line":24,"column":5}},{"start":{},"end":{}}],"line":22},"3":{"loc":{"start":{"line":38,"column":4},"end":{"line":38,"column":49}},"type":"if","locations":[{"start":{"line":38,"column":4},"end":{"line":38,"column":49}},{"start":{},"end":{}}],"line":38},"4":{"loc":{"start":{"line":45,"column":4},"end":{"line":45,"column":49}},"type":"if","locations":[{"start":{"line":45,"column":4},"end":{"line":45,"column":49}},{"start":{},"end":{}}],"line":45}},"s":{"0":2,"1":2,"2":2,"3":2,"4":2,"5":1,"6":2,"7":3,"8":3,"9":2,"10":1,"11":2,"12":2,"13":2,"14":1,"15":1,"16":2,"17":1,"18":1,"19":1,"20":2,"21":2,"22":2,"23":1,"24":1,"25":2,"26":2,"27":2,"28":1,"29":1,"30":1,"31":1},"f":{"0":1,"1":3,"2":2,"3":1,"4":2,"5":2},"b":{"0":[2,1],"1":[3,2],"2":[1,1],"3":[1,1],"4":[1,1]},"_coverageSchema":"1a1c01bbd47fc00a2c39e90264f33305004495a9","hash":"aa5083a1091054eb26c5101fe398cb2444beae19"}
}
