TN:
SF:src\controllers\cardsController.js
FN:3,(anonymous_0)
FN:19,(anonymous_1)
FN:34,(anonymous_2)
FN:50,(anonymous_3)
FNF:4
FNH:4
FNDA:2,(anonymous_0)
FNDA:2,(anonymous_1)
FNDA:2,(anonymous_2)
FNDA:2,(anonymous_3)
DA:1,1
DA:3,1
DA:4,2
DA:5,2
DA:6,2
DA:7,1
DA:15,1
DA:19,1
DA:20,2
DA:21,2
DA:22,1
DA:30,1
DA:34,1
DA:35,2
DA:36,2
DA:37,2
DA:38,1
DA:46,1
DA:50,1
DA:51,2
DA:52,2
DA:53,1
DA:55,1
LF:23
LH:23
BRF:0
BRH:0
end_of_record
TN:
SF:src\controllers\gameControllers.js
FN:3,(anonymous_0)
FN:17,(anonymous_1)
FN:28,(anonymous_2)
FN:39,(anonymous_3)
FN:50,(anonymous_4)
FN:60,(anonymous_5)
FN:70,(anonymous_6)
FN:80,(anonymous_7)
FNF:8
FNH:8
FNDA:2,(anonymous_0)
FNDA:2,(anonymous_1)
FNDA:2,(anonymous_2)
FNDA:2,(anonymous_3)
FNDA:2,(anonymous_4)
FNDA:2,(anonymous_5)
FNDA:2,(anonymous_6)
FNDA:2,(anonymous_7)
DA:1,1
DA:3,1
DA:4,2
DA:5,2
DA:6,2
DA:7,2
DA:8,1
DA:13,1
DA:17,1
DA:18,2
DA:19,2
DA:20,2
DA:21,2
DA:22,1
DA:24,1
DA:28,1
DA:29,2
DA:30,2
DA:31,2
DA:32,2
DA:33,1
DA:35,1
DA:39,1
DA:40,2
DA:41,2
DA:42,2
DA:43,2
DA:44,1
DA:46,1
DA:50,1
DA:51,2
DA:52,2
DA:53,2
DA:54,1
DA:56,1
DA:60,1
DA:61,2
DA:62,2
DA:63,2
DA:64,1
DA:66,1
DA:70,1
DA:71,2
DA:72,2
DA:73,2
DA:74,1
DA:76,1
DA:80,1
DA:81,2
DA:82,2
DA:83,2
DA:84,1
DA:86,1
LF:53
LH:53
BRF:0
BRH:0
end_of_record
TN:
SF:src\controllers\playersController.js
FN:3,(anonymous_0)
FN:19,(anonymous_1)
FN:34,(anonymous_2)
FN:50,(anonymous_3)
FNF:4
FNH:4
FNDA:4,(anonymous_0)
FNDA:4,(anonymous_1)
FNDA:2,(anonymous_2)
FNDA:2,(anonymous_3)
DA:1,1
DA:3,1
DA:4,4
DA:5,4
DA:6,4
DA:7,2
DA:15,2
DA:19,1
DA:20,4
DA:21,4
DA:22,2
DA:30,2
DA:34,1
DA:35,2
DA:36,2
DA:37,2
DA:38,1
DA:46,1
DA:50,1
DA:51,2
DA:52,2
DA:53,1
DA:55,1
LF:23
LH:23
BRF:0
BRH:0
end_of_record
TN:
SF:src\controllers\userControllers.js
FN:3,(anonymous_0)
FN:13,(anonymous_1)
FN:23,(anonymous_2)
FN:33,(anonymous_3)
FN:42,(anonymous_4)
FNF:5
FNH:5
FNDA:2,(anonymous_0)
FNDA:2,(anonymous_1)
FNDA:2,(anonymous_2)
FNDA:2,(anonymous_3)
FNDA:2,(anonymous_4)
DA:1,1
DA:3,1
DA:4,2
DA:5,2
DA:6,2
DA:7,1
DA:9,1
DA:13,1
DA:14,2
DA:15,2
DA:16,2
DA:17,1
DA:19,1
DA:23,1
DA:24,2
DA:25,2
DA:26,2
DA:27,1
DA:29,1
DA:33,1
DA:34,2
DA:35,2
DA:36,1
DA:38,1
DA:42,1
DA:43,2
DA:44,2
DA:45,2
DA:46,1
DA:48,1
LF:30
LH:30
BRF:0
BRH:0
end_of_record
TN:
SF:src\middlewares\middleware.js
FNF:0
FNH:0
DA:1,8
DA:3,8
DA:5,8
LF:3
LH:3
BRF:0
BRH:0
end_of_record
TN:
SF:src\models\blacklistModel.js
FNF:0
FNH:0
DA:1,2
DA:3,2
DA:15,2
LF:3
LH:3
BRF:0
BRH:0
end_of_record
TN:
SF:src\models\cardModel.js
FNF:0
FNH:0
DA:1,2
DA:3,2
DA:23,2
LF:3
LH:3
BRF:0
BRH:0
end_of_record
TN:
SF:src\models\gameModel.js
FNF:0
FNH:0
DA:1,1
DA:2,1
DA:4,1
DA:44,1
DA:51,1
DA:52,1
DA:53,1
DA:55,1
LF:8
LH:8
BRF:0
BRH:0
end_of_record
TN:
SF:src\models\playerModel.js
FNF:0
FNH:0
DA:1,2
DA:3,2
DA:23,2
LF:3
LH:3
BRF:0
BRH:0
end_of_record
TN:
SF:src\models\userModel.js
FN:22,(anonymous_0)
FNF:1
FNH:0
FNDA:0,(anonymous_0)
DA:1,3
DA:2,3
DA:4,3
DA:23,0
DA:28,3
LF:5
LH:4
BRF:0
BRH:0
end_of_record
TN:
SF:src\services\cardServices.js
FN:3,(anonymous_0)
FN:7,(anonymous_1)
FN:13,(anonymous_2)
FN:22,(anonymous_3)
FNF:4
FNH:4
FNDA:1,(anonymous_0)
FNDA:2,(anonymous_1)
FNDA:1,(anonymous_2)
FNDA:2,(anonymous_3)
DA:1,2
DA:3,2
DA:4,1
DA:7,2
DA:8,2
DA:9,2
DA:10,1
DA:13,2
DA:14,1
DA:15,1
DA:17,1
DA:18,1
DA:19,1
DA:22,2
DA:23,2
DA:24,2
DA:26,1
LF:17
LH:17
BRDA:9,0,0,1
BRDA:9,0,1,1
BRDA:15,1,0,0
BRDA:15,1,1,1
BRDA:24,2,0,1
BRDA:24,2,1,1
BRF:6
BRH:5
end_of_record
TN:
SF:src\services\gameServices.js
FN:4,(anonymous_0)
FN:8,(anonymous_1)
FN:22,(anonymous_2)
FN:37,(anonymous_3)
FN:46,(anonymous_4)
FN:53,(anonymous_5)
FN:57,(anonymous_6)
FN:62,(anonymous_7)
FN:69,(anonymous_8)
FN:80,(anonymous_9)
FN:92,(anonymous_10)
FNF:11
FNH:11
FNDA:1,(anonymous_0)
FNDA:2,(anonymous_1)
FNDA:4,(anonymous_2)
FNDA:2,(anonymous_3)
FNDA:2,(anonymous_4)
FNDA:2,(anonymous_5)
FNDA:3,(anonymous_6)
FNDA:4,(anonymous_7)
FNDA:2,(anonymous_8)
FNDA:2,(anonymous_9)
FNDA:2,(anonymous_10)
DA:1,2
DA:2,2
DA:4,2
DA:5,1
DA:8,2
DA:9,2
DA:12,2
DA:13,1
DA:15,1
DA:16,0
DA:18,1
DA:19,1
DA:22,2
DA:23,4
DA:24,4
DA:25,1
DA:27,3
DA:28,1
DA:30,2
DA:31,1
DA:33,1
DA:34,1
DA:37,2
DA:38,2
DA:39,2
DA:40,1
DA:42,1
DA:43,1
DA:46,2
DA:47,2
DA:48,2
DA:49,1
DA:51,1
DA:53,2
DA:57,2
DA:58,3
DA:59,3
DA:60,1
DA:62,4
DA:63,2
DA:69,2
DA:70,2
DA:71,2
DA:72,1
DA:74,1
DA:80,2
DA:81,2
DA:88,2
DA:89,1
DA:91,1
DA:92,1
DA:93,2
DA:95,1
LF:53
LH:52
BRDA:12,0,0,1
BRDA:12,0,1,1
BRDA:15,1,0,0
BRDA:15,1,1,1
BRDA:15,2,0,1
BRDA:15,2,1,0
BRDA:15,2,2,0
BRDA:24,3,0,1
BRDA:24,3,1,3
BRDA:27,4,0,1
BRDA:27,4,1,2
BRDA:30,5,0,1
BRDA:30,5,1,1
BRDA:39,6,0,1
BRDA:39,6,1,1
BRDA:48,7,0,1
BRDA:48,7,1,1
BRDA:59,8,0,1
BRDA:59,8,1,2
BRDA:65,9,0,1
BRDA:65,9,1,1
BRDA:71,10,0,1
BRDA:71,10,1,1
BRDA:88,11,0,1
BRDA:88,11,1,1
BRF:25
BRH:22
end_of_record
TN:
SF:src\services\playerServices.js
FN:3,(anonymous_0)
FN:7,(anonymous_1)
FN:13,(anonymous_2)
FN:23,(anonymous_3)
FNF:4
FNH:4
FNDA:1,(anonymous_0)
FNDA:2,(anonymous_1)
FNDA:2,(anonymous_2)
FNDA:2,(anonymous_3)
DA:1,2
DA:3,2
DA:4,1
DA:7,2
DA:8,2
DA:9,2
DA:10,1
DA:13,2
DA:14,2
DA:15,2
DA:17,1
DA:18,1
DA:19,1
DA:23,2
DA:24,2
DA:25,2
DA:27,1
LF:17
LH:17
BRDA:9,0,0,1
BRDA:9,0,1,1
BRDA:15,1,0,1
BRDA:15,1,1,1
BRDA:25,2,0,1
BRDA:25,2,1,1
BRF:6
BRH:6
end_of_record
TN:
SF:src\services\userServices.js
FN:6,(anonymous_0)
FN:10,(anonymous_1)
FN:20,(anonymous_2)
FN:29,(anonymous_3)
FN:36,(anonymous_4)
FN:43,(anonymous_5)
FNF:6
FNH:6
FNDA:1,(anonymous_0)
FNDA:3,(anonymous_1)
FNDA:2,(anonymous_2)
FNDA:1,(anonymous_3)
FNDA:2,(anonymous_4)
FNDA:2,(anonymous_5)
DA:1,2
DA:2,2
DA:3,2
DA:4,2
DA:6,2
DA:7,1
DA:10,2
DA:11,3
DA:13,3
DA:14,2
DA:17,1
DA:20,2
DA:21,2
DA:22,2
DA:23,1
DA:26,1
DA:29,2
DA:30,1
DA:31,1
DA:33,1
DA:36,2
DA:37,2
DA:38,2
DA:40,1
DA:43,2
DA:44,2
DA:45,2
DA:47,1
DA:48,1
DA:49,1
LF:30
LH:30
BRDA:13,0,0,2
BRDA:13,0,1,1
BRDA:13,1,0,3
BRDA:13,1,1,2
BRDA:22,2,0,1
BRDA:22,2,1,1
BRDA:38,3,0,1
BRDA:38,3,1,1
BRDA:45,4,0,1
BRDA:45,4,1,1
BRF:10
BRH:10
end_of_record
